proguard/seeds.txt
cmccsi.mhealth.app.sports.R$anim
cmccsi.mhealth.app.sports.R$anim: int ani_in
cmccsi.mhealth.app.sports.R$anim: int ani_out
cmccsi.mhealth.app.sports.R$anim: int big_heart
cmccsi.mhealth.app.sports.R$anim: int dialog_enter
cmccsi.mhealth.app.sports.R$anim: int dialog_enter_frombottom
cmccsi.mhealth.app.sports.R$anim: int dialog_enter_fromtop
cmccsi.mhealth.app.sports.R$anim: int dialog_exit
cmccsi.mhealth.app.sports.R$anim: int dialog_exit_frombottom
cmccsi.mhealth.app.sports.R$anim: int dialog_exit_fromtop
cmccsi.mhealth.app.sports.R$anim: int map_close_anim
cmccsi.mhealth.app.sports.R$anim: int pop_enter
cmccsi.mhealth.app.sports.R$anim: int pop_exit
cmccsi.mhealth.app.sports.R$anim: int progess_round
cmccsi.mhealth.app.sports.R$anim: int silde_out_left
cmccsi.mhealth.app.sports.R$anim: int silde_out_right
cmccsi.mhealth.app.sports.R$anim: int slide_from_right_slow
cmccsi.mhealth.app.sports.R$anim: int slide_in_left
cmccsi.mhealth.app.sports.R$anim: int slide_in_right
cmccsi.mhealth.app.sports.R$anim: int slide_to_left_slow
cmccsi.mhealth.app.sports.R$anim: int umeng_socialize_fade_in
cmccsi.mhealth.app.sports.R$anim: int umeng_socialize_fade_out
cmccsi.mhealth.app.sports.R$anim: int umeng_socialize_slide_in_from_bottom
cmccsi.mhealth.app.sports.R$anim: int umeng_socialize_slide_out_from_bottom
cmccsi.mhealth.app.sports.R$array
cmccsi.mhealth.app.sports.R$array: int UMageList
cmccsi.mhealth.app.sports.R$array: int UMgenderList
cmccsi.mhealth.app.sports.R$array: int umeng_fb_contact_key_array
cmccsi.mhealth.app.sports.R$array: int umeng_fb_contact_type_array
cmccsi.mhealth.app.sports.R$attr
cmccsi.mhealth.app.sports.R$attr: int flingable
cmccsi.mhealth.app.sports.R$attr: int normalColor
cmccsi.mhealth.app.sports.R$attr: int numberPickerDownButtonStyle
cmccsi.mhealth.app.sports.R$attr: int numberPickerInputTextStyle
cmccsi.mhealth.app.sports.R$attr: int numberPickerStyle
cmccsi.mhealth.app.sports.R$attr: int numberPickerUpButtonStyle
cmccsi.mhealth.app.sports.R$attr: int offset
cmccsi.mhealth.app.sports.R$attr: int overColor
cmccsi.mhealth.app.sports.R$attr: int progressIndicator
cmccsi.mhealth.app.sports.R$attr: int roundHeight
cmccsi.mhealth.app.sports.R$attr: int roundWidth
cmccsi.mhealth.app.sports.R$attr: int selected
cmccsi.mhealth.app.sports.R$attr: int selectedIcon
cmccsi.mhealth.app.sports.R$attr: int selectionDivider
cmccsi.mhealth.app.sports.R$attr: int selectionDividerHeight
cmccsi.mhealth.app.sports.R$attr: int selectionDividersDistance
cmccsi.mhealth.app.sports.R$attr: int solidColor
cmccsi.mhealth.app.sports.R$attr: int text
cmccsi.mhealth.app.sports.R$attr: int textAlign
cmccsi.mhealth.app.sports.R$attr: int textColor
cmccsi.mhealth.app.sports.R$attr: int textSize
cmccsi.mhealth.app.sports.R$attr: int textStyle
cmccsi.mhealth.app.sports.R$attr: int unselectedIcon
cmccsi.mhealth.app.sports.R$bool
cmccsi.mhealth.app.sports.R$bool: int ga_autoActivityTracking
cmccsi.mhealth.app.sports.R$bool: int ga_reportUncaughtExceptions
...
com.lidroid.xutils.util.PreferencesCookieStore$SerializableCookie
com.lidroid.xutils.util.PreferencesCookieStore$SerializableCookie: long serialVersionUID
com.lidroid.xutils.util.PreferencesCookieStore$SerializableCookie: org.apache.http.cookie.Cookie cookie
com.lidroid.xutils.util.PreferencesCookieStore$SerializableCookie: org.apache.http.impl.cookie.BasicClientCookie clientCookie
com.lidroid.xutils.util.PreferencesCookieStore$SerializableCookie: com.lidroid.xutils.util.PreferencesCookieStore this$0
com.lidroid.xutils.util.PreferencesCookieStore$SerializableCookie: PreferencesCookieStore$SerializableCookie(com.lidroid.xutils.util.PreferencesCookieStore,org.apache.http.cookie.Cookie)
com.lidroid.xutils.util.PreferencesCookieStore$SerializableCookie: org.apache.http.cookie.Cookie getCookie()
com.lidroid.xutils.util.PreferencesCookieStore$SerializableCookie: void writeObject(java.io.ObjectOutputStream)
com.lidroid.xutils.util.PreferencesCookieStore$SerializableCookie: void readObject(java.io.ObjectInputStream)
com.lidroid.xutils.view.EventListenerManager
com.lidroid.xutils.view.EventListenerManager: com.lidroid.xutils.util.DoubleKeyValueMap listenerCache
com.lidroid.xutils.view.EventListenerManager: void <clinit>()
com.lidroid.xutils.view.EventListenerManager: EventListenerManager()
com.lidroid.xutils.view.EventListenerManager: void addEventMethod(com.lidroid.xutils.view.ViewFinder,com.lidroid.xutils.view.ViewInjectInfo,java.lang.annotation.Annotation,java.lang.Object,java.lang.reflect.Method)
com.lidroid.xutils.view.EventListenerManager$DynamicHandler
com.lidroid.xutils.view.EventListenerManager$DynamicHandler: java.lang.ref.WeakReference handlerRef
com.lidroid.xutils.view.EventListenerManager$DynamicHandler: java.util.HashMap methodMap
com.lidroid.xutils.view.EventListenerManager$DynamicHandler: EventListenerManager$DynamicHandler(java.lang.Object)
com.lidroid.xutils.view.EventListenerManager$DynamicHandler: void addMethod(java.lang.String,java.lang.reflect.Method)
com.lidroid.xutils.view.EventListenerManager$DynamicHandler: java.lang.Object getHandler()
com.lidroid.xutils.view.EventListenerManager$DynamicHandler: void setHandler(java.lang.Object)
com.lidroid.xutils.view.EventListenerManager$DynamicHandler: java.lang.Object invoke(java.lang.Object,java.lang.reflect.Method,java.lang.Object[])
com.lidroid.xutils.view.ResLoader
com.lidroid.xutils.view.ResLoader: int[] $SWITCH_TABLE$com$lidroid$xutils$view$ResType
com.lidroid.xutils.view.ResLoader: ResLoader()
com.lidroid.xutils.view.ResLoader: java.lang.Object loadRes(com.lidroid.xutils.view.ResType,android.content.Context,int)
com.lidroid.xutils.view.ResLoader: int[] $SWITCH_TABLE$com$lidroid$xutils$view$ResType()