proguard/mapping.txt
cmccsi.mhealth.app.sports.R -> cmccsi.mhealth.app.sports.R:
cmccsi.mhealth.app.sports.R$anim -> cmccsi.mhealth.app.sports.R$anim:
    int ani_in -> ani_in
    int ani_out -> ani_out
    int big_heart -> big_heart
    int dialog_enter -> dialog_enter
    int dialog_enter_frombottom -> dialog_enter_frombottom
    int dialog_enter_fromtop -> dialog_enter_fromtop
    int dialog_exit -> dialog_exit
    int dialog_exit_frombottom -> dialog_exit_frombottom
    int dialog_exit_fromtop -> dialog_exit_fromtop
    int map_close_anim -> map_close_anim
    int pop_enter -> pop_enter
    int pop_exit -> pop_exit
    int progess_round -> progess_round
    int silde_out_left -> silde_out_left
    int silde_out_right -> silde_out_right
    int slide_from_right_slow -> slide_from_right_slow
    int slide_in_left -> slide_in_left
    int slide_in_right -> slide_in_right
    int slide_to_left_slow -> slide_to_left_slow
    int umeng_socialize_fade_in -> umeng_socialize_fade_in
    int umeng_socialize_fade_out -> umeng_socialize_fade_out
    int umeng_socialize_slide_in_from_bottom -> umeng_socialize_slide_in_from_bottom
    int umeng_socialize_slide_out_from_bottom -> umeng_socialize_slide_out_from_bottom
cmccsi.mhealth.app.sports.R$array -> cmccsi.mhealth.app.sports.R$array:
    int UMageList -> UMageList
    int UMgenderList -> UMgenderList
    int umeng_fb_contact_key_array -> umeng_fb_contact_key_array
    int umeng_fb_contact_type_array -> umeng_fb_contact_type_array
cmccsi.mhealth.app.sports.R$attr -> cmccsi.mhealth.app.sports.R$attr:
    int flingable -> flingable
    int normalColor -> normalColor
    int numberPickerDownButtonStyle -> numberPickerDownButtonStyle
    int numberPickerInputTextStyle -> numberPickerInputTextStyle
    int numberPickerStyle -> numberPickerStyle
    int numberPickerUpButtonStyle -> numberPickerUpButtonStyle
    int offset -> offset
    int overColor -> overColor
    int progressIndicator -> progressIndicator
    int roundHeight -> roundHeight
    int roundWidth -> roundWidth
    int selected -> selected
    int selectedIcon -> selectedIcon
    int selectionDivider -> selectionDivider
    int selectionDividerHeight -> selectionDividerHeight
    int selectionDividersDistance -> selectionDividersDistance
    int solidColor -> solidColor
    int text -> text
    int textAlign -> textAlign
    int textColor -> textColor
    int textSize -> textSize
    int textStyle -> textStyle
    int unselectedIcon -> unselectedIcon
cmccsi.mhealth.app.sports.R$bool -> cmccsi.mhealth.app.sports.R$bool:
    int ga_autoActivityTracking -> ga_autoActivityTracking
    int ga_reportUncaughtExceptions -> ga_reportUncaughtExceptions
...
org.apache.http.impl.conn.HttpInetSocketAddress -> org.apache.http.impl.conn.HttpInetSocketAddress:
    long serialVersionUID -> serialVersionUID
    org.apache.http.HttpHost host -> host
    org.apache.http.HttpHost getHost() -> getHost
    java.lang.String toString() -> toString
org.apache.http.impl.conn.IdleConnectionHandler -> org.apache.http.impl.conn.IdleConnectionHandler:
    org.apache.commons.logging.Log log -> log
    java.util.Map connectionToTimes -> connectionToTimes
    void add(org.apache.http.HttpConnection,long,java.util.concurrent.TimeUnit) -> add
    boolean remove(org.apache.http.HttpConnection) -> remove
    void removeAll() -> removeAll
    void closeIdleConnections(long) -> closeIdleConnections
    void closeExpiredConnections() -> closeExpiredConnections
org.apache.http.impl.conn.IdleConnectionHandler$TimeValues -> org.apache.http.impl.conn.IdleConnectionHandler$TimeValues:
    long timeAdded -> timeAdded
    long timeExpires -> timeExpires
    long access$000(org.apache.http.impl.conn.IdleConnectionHandler$TimeValues) -> access$000
    long access$100(org.apache.http.impl.conn.IdleConnectionHandler$TimeValues) -> access$100
org.apache.http.impl.conn.LoggingSessionInputBuffer -> org.apache.http.impl.conn.LoggingSessionInputBuffer:
    org.apache.http.io.SessionInputBuffer in -> in
    org.apache.http.io.EofSensor eofSensor -> eofSensor
    org.apache.http.impl.conn.Wire wire -> wire
    java.lang.String charset -> charset
    boolean isDataAvailable(int) -> isDataAvailable
    int read(byte[],int,int) -> read
    int read() -> read
    int read(byte[]) -> read
    java.lang.String readLine() -> readLine
    int readLine(org.apache.http.util.CharArrayBuffer) -> readLine
    org.apache.http.io.HttpTransportMetrics getMetrics() -> getMetrics
    boolean isEof() -> isEof
org.apache.http.impl.conn.LoggingSessionOutputBuffer -> org.apache.http.impl.conn.LoggingSessionOutputBuffer:
    org.apache.http.io.SessionOutputBuffer out -> out
    org.apache.http.impl.conn.Wire wire -> wire
    java.lang.String charset -> charset
    void write(byte[],int,int) -> write
    void write(int) -> write
    void write(byte[]) -> write
    void flush() -> flush
    void writeLine(org.apache.http.util.CharArrayBuffer) -> writeLine
    void writeLine(java.lang.String) -> writeLine
    org.apache.http.io.HttpTransportMetrics getMetrics() -> getMetrics
org.apache.http.impl.conn.ProxySelectorRoutePlanner -> org.apache.http.impl.conn.ProxySelectorRoutePlanner:
    org.apache.http.conn.scheme.SchemeRegistry schemeRegistry -> schemeRegistry
    java.net.ProxySelector proxySelector -> proxySelector
    java.net.ProxySelector getProxySelector() -> getProxySelector
    void setProxySelector(java.net.ProxySelector) -> setProxySelector
    org.apache.http.conn.routing.HttpRoute determineRoute(org.apache.http.HttpHost,org.apache.http.HttpRequest,org.apache.http.protocol.HttpContext) -> determineRoute
    org.apache.http.HttpHost determineProxy(org.apache.http.HttpHost,org.apache.http.HttpRequest,org.apache.http.protocol.HttpContext) -> determineProxy
    java.lang.String getHost(java.net.InetSocketAddress) -> getHost
    java.net.Proxy chooseProxy(java.util.List,org.apache.http.HttpHost,org.apache.http.HttpRequest,org.apache.http.protocol.HttpContext) -> chooseProxy
org.apache.http.impl.conn.ProxySelectorRoutePlanner$1 -> org.apache.http.impl.conn.ProxySelectorRoutePlanner$1:
    int[] $SwitchMap$java$net$Proxy$Type -> $SwitchMap$java$net$Proxy$Type
org.apache.http.impl.conn.SchemeRegistryFactory -> org.apache.http.impl.conn.SchemeRegistryFactory:
    org.apache.http.conn.scheme.SchemeRegistry createDefault() -> createDefault