proguard/usage.txt
cmccsi.mhealth.app.sports.BuildConfig
cmccsi.mhealth.app.sports.R:
    10:10:public R()
cmccsi.mhealth.app.sports.activity.CampaignContentActivity_new:
    protected static final java.lang.String TAG
cmccsi.mhealth.app.sports.activity.CampaignViewFragment_new:
    private static final int SUCCESS
    private static final int FAIL
    149:149:public java.lang.String getmPhonenum()
    157:157:public java.lang.String getmPassword()
    165:165:public int getClubId()
cmccsi.mhealth.app.sports.activity.FirmwareDownloadProgressActivity:
    private static final java.lang.String TAG
    private static final int DOWNLOAD_SUCCESSED
    private static final int DOWNLOAD_FAILED
    private static final int DOWNLOAD_PRCENT
    private static final int DOWNLOAD_SET_SIZE
    int internet
    249:253:private void delFile(java.lang.String)
cmccsi.mhealth.app.sports.activity.FirmwareUpdateProgressActivity:
    private static final java.lang.String TAG
    private static final int REQUEST_ENABLE_BT
cmccsi.mhealth.app.sports.activity.HandAddContactActivity:
    private static final java.lang.String TAG
cmccsi.mhealth.app.sports.activity.MainFragmentActivity:
    public static final int TAB_HEALTH
    public static final int TAB_CORPORATION
    public static final int TAB_PLAY
cmccsi.mhealth.app.sports.activity.MainFragmentActivity$FragmentAdapter:
    public static final int TAB_COUNT
cmccsi.mhealth.app.sports.activity.MainFragmentActivity2:
    public static final int TAB_HEALTH
    public static final int TAB_CORPORATION
    public static final int TAB_PLAY
cmccsi.mhealth.app.sports.activity.MainFragmentActivity2$FragmentAdapter:
    public static final int TAB_COUNT
cmccsi.mhealth.app.sports.activity.MapListGPSFragment:
    protected static final int SUCCESS
    314:336:private void showAskDialog(int)
    313:313:static synthetic void access$3(cmccsi.mhealth.app.sports.activity.MapListGPSFragment,int)
    1:1:static synthetic void access$6(cmccsi.mhealth.app.sports.activity.MapListGPSFragment,java.lang.String)
    310:310:static synthetic java.util.List access$7(cmccsi.mhealth.app.sports.activity.MapListGPSFragment)
    35:35:static synthetic android.support.v4.app.FragmentActivity access$8(cmccsi.mhealth.app.sports.activity.MapListGPSFragment)
cmccsi.mhealth.app.sports.activity.MapListGPSFragment$2
cmccsi.mhealth.app.sports.activity.MapListGPSFragment$myOnItemlongClickListener
cmccsi.mhealth.app.sports.activity.MapSelectTRunType$MapTypeAdapter:
    public static final java.lang.String KEY_IMGRES
    public static final java.lang.String KEY_NAME
cmccsi.mhealth.app.sports.activity.MapStartRunningFragment:
    private static final java.lang.String TAG
    protected static final int TIME_CHANGE
    private static final int NOTIFICATION
    private com.baidu.mapapi.map.InfoWindow mInfoWindow
    124:124:public void setType(java.lang.String)
    386:398:public boolean isServiceRunning(android.content.Context,java.lang.String)
    529:550:private void setOnMarkClickListener()
    561:561:private int getWalkDistance()
    1021:1022:private void restartService()
    104:104:static synthetic com.baidu.mapapi.map.Marker access$12(cmccsi.mhealth.app.sports.activity.MapStartRunningFragment)
    552:552:static synthetic int access$13(cmccsi.mhealth.app.sports.activity.MapStartRunningFragment)
    105:105:static synthetic void access$14(cmccsi.mhealth.app.sports.activity.MapStartRunningFragment,com.baidu.mapapi.map.InfoWindow)
    105:105:static synthetic com.baidu.mapapi.map.InfoWindow access$15(cmccsi.mhealth.app.sports.activity.MapStartRunningFragment)
    103:103:static synthetic com.baidu.mapapi.map.Marker access$16(cmccsi.mhealth.app.sports.activity.MapStartRunningFragment)
cmccsi.mhealth.app.sports.activity.MapStartRunningFragment$5
cmccsi.mhealth.app.sports.activity.MapViewOrbitFragment:
    private static final int handl_showData
    181:216:private void drawLine(java.util.List)
...
android.support.annotation.AnimRes
android.support.annotation.AnimatorRes
android.support.annotation.AnyRes
android.support.annotation.ArrayRes
android.support.annotation.AttrRes
android.support.annotation.BoolRes
android.support.annotation.ColorRes
android.support.annotation.DimenRes
android.support.annotation.DrawableRes
android.support.annotation.FractionRes
android.support.annotation.IdRes
android.support.annotation.IntDef
android.support.annotation.IntegerRes
android.support.annotation.InterpolatorRes
android.support.annotation.LayoutRes
android.support.annotation.MenuRes
android.support.annotation.NonNull
android.support.annotation.Nullable
android.support.annotation.PluralsRes
android.support.annotation.RawRes
android.support.annotation.StringDef
android.support.annotation.StringRes
android.support.annotation.StyleRes
android.support.annotation.StyleableRes
android.support.annotation.XmlRes
myjava.awt.datatransfer.MimeTypeProcessor$MimeType:
    private static final long serialVersionUID
    241:242:void removeParameter(java.lang.String)
    245:245:java.lang.Object getSystemParameter(java.lang.String)
    249:250:void addSystemParameter(java.lang.String,java.lang.Object)
myjava.awt.datatransfer.Transferable:
    public abstract boolean isDataFlavorSupported(myjava.awt.datatransfer.DataFlavor)
    public abstract myjava.awt.datatransfer.DataFlavor[] getTransferDataFlavors()
myjava.awt.datatransfer.UnsupportedFlavorException:
    private static final long serialVersionUID